Build started 7/25/2014 12:54:11 PM.
     1>Project "C:\Users\Liviu\Documents\git\workshop\concurs\LotsOfSprites\Project_2d\Project_2d.vcxproj" on node 2 (Build target(s)).
     1>C:\Program Files (x86)\MSBuild\Microsoft.Cpp\v4.0\V110\Microsoft.CppBuild.targets(345,5): warning MSB8004: Intermediate Directory does not end with a trailing slash.  This build instance will add the slash as it is required to allow proper evaluation of the Intermediate Directory.
     1>ClCompile:
         C:\Program Files (x86)\Microsoft Visual Studio 11.0\VC\bin\CL.exe /c /IC:\Users\Liviu\Documents\git\workshop\concurs\LotsOfSprites\\include /ZI /nologo /W3 /WX- /Od /Oy- /D _MBCS /Gm /EHsc /RTC1 /MDd /GS /fp:precise /Zc:wchar_t /Zc:forScope /Fo"C:\Users\Liviu\Documents\git\workshop\concurs\LotsOfSprites\\Temp\\" /Fd"C:\Users\Liviu\Documents\git\workshop\concurs\LotsOfSprites\\Temp\vc110.pdb" /Gd /TP /analyze- /errorReport:prompt ..\src\joc.cpp ..\src\Matrix.cpp ..\src\Painter.cpp ..\src\Texture.cpp ..\src\TextureManager.cpp ..\src\Vector3.cpp
         Vector3.cpp
         TextureManager.cpp
         Texture.cpp
         Painter.cpp
         Matrix.cpp
         joc.cpp
         Generating Code...
         C:\Program Files (x86)\Microsoft Visual Studio 11.0\VC\bin\CL.exe /c /IC:\Users\Liviu\Documents\git\workshop\concurs\LotsOfSprites\\include /ZI /nologo /W3 /WX- /Od /Oy- /D _MBCS /Gm /EHsc /RTC1 /MDd /GS /fp:precise /Zc:wchar_t /Zc:forScope /Fo"C:\Users\Liviu\Documents\git\workshop\concurs\LotsOfSprites\\Temp\\" /Fd"C:\Users\Liviu\Documents\git\workshop\concurs\LotsOfSprites\\Temp\vc110.pdb" /Gd /TC /analyze- /errorReport:prompt ..\src\stb_image.c
         stb_image.c
     1>c:\users\liviu\documents\git\workshop\concurs\lotsofsprites\src\stb_image.c(298): warning C4996: 'fopen': This function or variable may be unsafe. Consider using fopen_s instead. To disable deprecation, use _CRT_SECURE_NO_WARNINGS. See online help for details.
                 c:\program files (x86)\microsoft visual studio 11.0\vc\include\stdio.h(218) : see declaration of 'fopen'
     1>c:\users\liviu\documents\git\workshop\concurs\lotsofsprites\src\stb_image.c(360): warning C4996: 'fopen': This function or variable may be unsafe. Consider using fopen_s instead. To disable deprecation, use _CRT_SECURE_NO_WARNINGS. See online help for details.
                 c:\program files (x86)\microsoft visual studio 11.0\vc\include\stdio.h(218) : see declaration of 'fopen'
     1>c:\users\liviu\documents\git\workshop\concurs\lotsofsprites\src\stb_image.c(398): warning C4996: 'fopen': This function or variable may be unsafe. Consider using fopen_s instead. To disable deprecation, use _CRT_SECURE_NO_WARNINGS. See online help for details.
                 c:\program files (x86)\microsoft visual studio 11.0\vc\include\stdio.h(218) : see declaration of 'fopen'
     1>c:\users\liviu\documents\git\workshop\concurs\lotsofsprites\src\stb_image.c(4291): warning C4996: 'fopen': This function or variable may be unsafe. Consider using fopen_s instead. To disable deprecation, use _CRT_SECURE_NO_WARNINGS. See online help for details.
                 c:\program files (x86)\microsoft visual studio 11.0\vc\include\stdio.h(218) : see declaration of 'fopen'
       Link:
         C:\Program Files (x86)\Microsoft Visual Studio 11.0\VC\bin\link.exe /ERRORREPORT:PROMPT /OUT:"C:\Users\Liviu\Documents\git\workshop\concurs\LotsOfSprites\Debug\Project_2d.exe" /INCREMENTAL /NOLOGO /LIBPATH:C:\Users\Liviu\Documents\git\workshop\concurs\LotsOfSprites\\lib\x86 glfw3dll.lib glfw3.lib glew32.lib opengl32.lib kernel32.lib user32.lib gdi32.lib winspool.lib comdlg32.lib advapi32.lib shell32.lib ole32.lib oleaut32.lib uuid.lib odbc32.lib odbccp32.lib kernel32.lib user32.lib gdi32.lib winspool.lib comdlg32.lib advapi32.lib shell32.lib ole32.lib oleaut32.lib uuid.lib odbc32.lib odbccp32.lib /MANIFEST /MANIFESTUAC:"level='asInvoker' uiAccess='false'" /manifest:embed /DEBUG /PDB:"C:\Users\Liviu\Documents\git\workshop\concurs\LotsOfSprites\Debug\Project_2d.pdb" /TLBID:1 /DYNAMICBASE /NXCOMPAT /IMPLIB:"C:\Users\Liviu\Documents\git\workshop\concurs\LotsOfSprites\Debug\Project_2d.lib" /MACHINE:X86 C:\Users\Liviu\Documents\git\workshop\concurs\LotsOfSprites\\Temp\joc.obj
         C:\Users\Liviu\Documents\git\workshop\concurs\LotsOfSprites\\Temp\Matrix.obj
         C:\Users\Liviu\Documents\git\workshop\concurs\LotsOfSprites\\Temp\Painter.obj
         C:\Users\Liviu\Documents\git\workshop\concurs\LotsOfSprites\\Temp\stb_image.obj
         C:\Users\Liviu\Documents\git\workshop\concurs\LotsOfSprites\\Temp\Texture.obj
         C:\Users\Liviu\Documents\git\workshop\concurs\LotsOfSprites\\Temp\TextureManager.obj
         C:\Users\Liviu\Documents\git\workshop\concurs\LotsOfSprites\\Temp\Vector3.obj
         Project_2d.vcxproj -> C:\Users\Liviu\Documents\git\workshop\concurs\LotsOfSprites\Debug\Project_2d.exe
     1>Done Building Project "C:\Users\Liviu\Documents\git\workshop\concurs\LotsOfSprites\Project_2d\Project_2d.vcxproj" (Build target(s)).

Build succeeded.

Time Elapsed 00:00:08.42
