C:\USERS\LIVIU\DOCUMENTS\LOTSOFSPRITES\TEMP\JOC.OBJ
C:\USERS\LIVIU\DOCUMENTS\LOTSOFSPRITES\TEMP\MATRIX.OBJ
C:\USERS\LIVIU\DOCUMENTS\LOTSOFSPRITES\TEMP\PAINTER.OBJ
C:\USERS\LIVIU\DOCUMENTS\LOTSOFSPRITES\TEMP\RENDERER.OBJ
C:\USERS\LIVIU\DOCUMENTS\LOTSOFSPRITES\TEMP\TEXTURE.OBJ
C:\USERS\LIVIU\DOCUMENTS\LOTSOFSPRITES\TEMP\TEXTUREMANAGER.OBJ
C:\USERS\LIVIU\DOCUMENTS\LOTSOFSPRITES\TEMP\VECTOR3.OBJ
C:\USERS\LIVIU\DOCUMENTS\LOTSOFSPRITES\TEMP\VC110.PDB
C:\USERS\LIVIU\DOCUMENTS\LOTSOFSPRITES\TEMP\STB_IMAGE.OBJ
C:\USERS\LIVIU\DOCUMENTS\LOTSOFSPRITES\DEBUG\PROJECT_2D.ILK
C:\USERS\LIVIU\DOCUMENTS\LOTSOFSPRITES\DEBUG\PROJECT_2D.EXE
C:\USERS\LIVIU\DOCUMENTS\LOTSOFSPRITES\DEBUG\PROJECT_2D.PDB
C:\Users\Liviu\Documents\LotsOfSprites\Temp\joc.obj
C:\Users\Liviu\Documents\LotsOfSprites\Temp\Matrix.obj
C:\Users\Liviu\Documents\LotsOfSprites\Temp\Painter.obj
C:\Users\Liviu\Documents\LotsOfSprites\Temp\Renderer.obj
C:\Users\Liviu\Documents\LotsOfSprites\Temp\stb_image.obj
C:\Users\Liviu\Documents\LotsOfSprites\Temp\Texture.obj
C:\Users\Liviu\Documents\LotsOfSprites\Temp\TextureManager.obj
C:\Users\Liviu\Documents\LotsOfSprites\Temp\Vector3.obj
C:\Users\Liviu\Documents\LotsOfSprites\Temp\cl.command.1.tlog
C:\Users\Liviu\Documents\LotsOfSprites\Temp\CL.read.1.tlog
C:\Users\Liviu\Documents\LotsOfSprites\Temp\CL.write.1.tlog
C:\Users\Liviu\Documents\LotsOfSprites\Temp\link-cvtres.read.1.tlog
C:\Users\Liviu\Documents\LotsOfSprites\Temp\link-cvtres.write.1.tlog
C:\Users\Liviu\Documents\LotsOfSprites\Temp\link-rc.read.1.tlog
C:\Users\Liviu\Documents\LotsOfSprites\Temp\link-rc.write.1.tlog
C:\Users\Liviu\Documents\LotsOfSprites\Temp\link.command.1.tlog
C:\Users\Liviu\Documents\LotsOfSprites\Temp\link.read.1.tlog
C:\Users\Liviu\Documents\LotsOfSprites\Temp\link.write.1.tlog
C:\Users\Liviu\Documents\LotsOfSprites\Temp\vc110.idb
C:\Users\Liviu\Documents\LotsOfSprites\Temp\vc110.pdb
C:\Users\Liviu\Documents\LotsOfSprites\Debug\Project_2d.pdb
C:\Users\Liviu\Documents\LotsOfSprites\Debug\Project_2d.exe
C:\Users\Liviu\Documents\LotsOfSprites\Debug\Project_2d.ilk
