C:\USERS\LIVIU\DOCUMENTS\VISUAL STUDIO 2012\PROJECTS\PROJECT_2D\TEMP\JOC.OBJ
C:\USERS\LIVIU\DOCUMENTS\VISUAL STUDIO 2012\PROJECTS\PROJECT_2D\TEMP\MATRIX.OBJ
C:\USERS\LIVIU\DOCUMENTS\VISUAL STUDIO 2012\PROJECTS\PROJECT_2D\TEMP\SHAPES.OBJ
C:\USERS\LIVIU\DOCUMENTS\VISUAL STUDIO 2012\PROJECTS\PROJECT_2D\TEMP\SPRITE.OBJ
C:\USERS\LIVIU\DOCUMENTS\VISUAL STUDIO 2012\PROJECTS\PROJECT_2D\TEMP\SPRITECIRCLE.OBJ
C:\USERS\LIVIU\DOCUMENTS\VISUAL STUDIO 2012\PROJECTS\PROJECT_2D\TEMP\SPRITETRIANGLE.OBJ
C:\USERS\LIVIU\DOCUMENTS\VISUAL STUDIO 2012\PROJECTS\PROJECT_2D\TEMP\VECTOR3.OBJ
C:\USERS\LIVIU\DOCUMENTS\VISUAL STUDIO 2012\PROJECTS\PROJECT_2D\TEMP\VC110.PDB
C:\USERS\LIVIU\DOCUMENTS\VISUAL STUDIO 2012\PROJECTS\PROJECT_2D\TEMP\STB_IMAGE.OBJ
C:\USERS\LIVIU\DOCUMENTS\VISUAL STUDIO 2012\PROJECTS\PROJECT_2D\DEBUG\PROJECT_2D.ILK
C:\USERS\LIVIU\DOCUMENTS\VISUAL STUDIO 2012\PROJECTS\PROJECT_2D\DEBUG\PROJECT_2D.EXE
C:\USERS\LIVIU\DOCUMENTS\VISUAL STUDIO 2012\PROJECTS\PROJECT_2D\DEBUG\PROJECT_2D.PDB
C:\Users\Liviu\documents\visual studio 2012\Projects\Project_2d\Temp\joc.obj
C:\Users\Liviu\documents\visual studio 2012\Projects\Project_2d\Temp\Matrix.obj
C:\Users\Liviu\documents\visual studio 2012\Projects\Project_2d\Temp\Shapes.obj
C:\Users\Liviu\documents\visual studio 2012\Projects\Project_2d\Temp\Sprite.obj
C:\Users\Liviu\documents\visual studio 2012\Projects\Project_2d\Temp\SpriteCircle.obj
C:\Users\Liviu\documents\visual studio 2012\Projects\Project_2d\Temp\SpriteTriangle.obj
C:\Users\Liviu\documents\visual studio 2012\Projects\Project_2d\Temp\stb_image.obj
C:\Users\Liviu\documents\visual studio 2012\Projects\Project_2d\Temp\Vector3.obj
C:\Users\Liviu\documents\visual studio 2012\Projects\Project_2d\Temp\cl.command.1.tlog
C:\Users\Liviu\documents\visual studio 2012\Projects\Project_2d\Temp\CL.read.1.tlog
C:\Users\Liviu\documents\visual studio 2012\Projects\Project_2d\Temp\CL.write.1.tlog
C:\Users\Liviu\documents\visual studio 2012\Projects\Project_2d\Temp\link-cvtres.read.1.tlog
C:\Users\Liviu\documents\visual studio 2012\Projects\Project_2d\Temp\link-cvtres.write.1.tlog
C:\Users\Liviu\documents\visual studio 2012\Projects\Project_2d\Temp\link-rc.read.1.tlog
C:\Users\Liviu\documents\visual studio 2012\Projects\Project_2d\Temp\link-rc.write.1.tlog
C:\Users\Liviu\documents\visual studio 2012\Projects\Project_2d\Temp\link.command.1.tlog
C:\Users\Liviu\documents\visual studio 2012\Projects\Project_2d\Temp\link.read.1.tlog
C:\Users\Liviu\documents\visual studio 2012\Projects\Project_2d\Temp\link.write.1.tlog
C:\Users\Liviu\documents\visual studio 2012\Projects\Project_2d\Temp\vc110.idb
C:\Users\Liviu\documents\visual studio 2012\Projects\Project_2d\Temp\vc110.pdb
C:\Users\Liviu\documents\visual studio 2012\Projects\Project_2d\Debug\Project_2d.pdb
C:\Users\Liviu\documents\visual studio 2012\Projects\Project_2d\Debug\Project_2d.exe
C:\Users\Liviu\documents\visual studio 2012\Projects\Project_2d\Debug\Project_2d.ilk
