Build started 8/4/2014 10:07:26 AM.
     1>Project "C:\Users\Liviu\documents\visual studio 2012\Projects\Project_2d\Project_2d\Project_2d.vcxproj" on node 2 (Build target(s)).
     1>C:\Program Files (x86)\MSBuild\Microsoft.Cpp\v4.0\V110\Microsoft.CppBuild.targets(345,5): warning MSB8004: Intermediate Directory does not end with a trailing slash.  This build instance will add the slash as it is required to allow proper evaluation of the Intermediate Directory.
     1>Link:
         C:\Program Files (x86)\Microsoft Visual Studio 11.0\VC\bin\link.exe /ERRORREPORT:PROMPT /OUT:"C:\Users\Liviu\documents\visual studio 2012\Projects\Project_2d\Release\Project_2d.exe" /NOLOGO /LIBPATH:"C:\Users\Liviu\documents\visual studio 2012\Projects\Project_2d\\lib\x86" fmodex_vc.lib glfw3dll.lib glfw3.lib glew32.lib opengl32.lib kernel32.lib user32.lib gdi32.lib winspool.lib comdlg32.lib advapi32.lib shell32.lib ole32.lib oleaut32.lib uuid.lib odbc32.lib odbccp32.lib kernel32.lib user32.lib gdi32.lib winspool.lib comdlg32.lib advapi32.lib shell32.lib ole32.lib oleaut32.lib uuid.lib odbc32.lib odbccp32.lib /MANIFEST /MANIFESTUAC:"level='asInvoker' uiAccess='false'" /manifest:embed /DEBUG /PDB:"C:\Users\Liviu\documents\visual studio 2012\Projects\Project_2d\Release\Project_2d.pdb" /OPT:REF /OPT:ICF /LTCG /TLBID:1 /DYNAMICBASE /NXCOMPAT /IMPLIB:"C:\Users\Liviu\documents\visual studio 2012\Projects\Project_2d\Release\Project_2d.lib" /MACHINE:X86 /SAFESEH "C:\Users\Liviu\documents\visual studio 2012\Projects\Project_2d\\Temp\Camera.obj"
         "C:\Users\Liviu\documents\visual studio 2012\Projects\Project_2d\\Temp\Combatant.obj"
         "C:\Users\Liviu\documents\visual studio 2012\Projects\Project_2d\\Temp\Enemy.obj"
         "C:\Users\Liviu\documents\visual studio 2012\Projects\Project_2d\\Temp\EnemyFactory.obj"
         "C:\Users\Liviu\documents\visual studio 2012\Projects\Project_2d\\Temp\joc.obj"
         "C:\Users\Liviu\documents\visual studio 2012\Projects\Project_2d\\Temp\LayerManager.obj"
         "C:\Users\Liviu\documents\visual studio 2012\Projects\Project_2d\\Temp\Matrix.obj"
         "C:\Users\Liviu\documents\visual studio 2012\Projects\Project_2d\\Temp\Physics.obj"
         "C:\Users\Liviu\documents\visual studio 2012\Projects\Project_2d\\Temp\PhysicsManager.obj"
         "C:\Users\Liviu\documents\visual studio 2012\Projects\Project_2d\\Temp\Player.obj"
         "C:\Users\Liviu\documents\visual studio 2012\Projects\Project_2d\\Temp\Powerup.obj"
         "C:\Users\Liviu\documents\visual studio 2012\Projects\Project_2d\\Temp\Projectile.obj"
         "C:\Users\Liviu\documents\visual studio 2012\Projects\Project_2d\\Temp\SettingsManager.obj"
         "C:\Users\Liviu\documents\visual studio 2012\Projects\Project_2d\\Temp\Shapes.obj"
         "C:\Users\Liviu\documents\visual studio 2012\Projects\Project_2d\\Temp\Sound.obj"
         "C:\Users\Liviu\documents\visual studio 2012\Projects\Project_2d\\Temp\SoundManager.obj"
         "C:\Users\Liviu\documents\visual studio 2012\Projects\Project_2d\\Temp\Sprite.obj"
         "C:\Users\Liviu\documents\visual studio 2012\Projects\Project_2d\\Temp\SpriteManager.obj"
         "C:\Users\Liviu\documents\visual studio 2012\Projects\Project_2d\\Temp\stb_image.obj"
         "C:\Users\Liviu\documents\visual studio 2012\Projects\Project_2d\\Temp\Texture.obj"
         "C:\Users\Liviu\documents\visual studio 2012\Projects\Project_2d\\Temp\TextureManager.obj"
         "C:\Users\Liviu\documents\visual studio 2012\Projects\Project_2d\\Temp\Vector3.obj"
         Generating code
         Finished generating code
         Project_2d.vcxproj -> C:\Users\Liviu\documents\visual studio 2012\Projects\Project_2d\Release\Project_2d.exe
     1>Done Building Project "C:\Users\Liviu\documents\visual studio 2012\Projects\Project_2d\Project_2d\Project_2d.vcxproj" (Build target(s)).

Build succeeded.

Time Elapsed 00:00:03.33
